-------------------------------------------------------------------------------
Test set: com.OOP.springboot.mongodb.SpringBootApplicationTests
-------------------------------------------------------------------------------
Tests run: 1, Failures: 0, Errors: 0, Skipped: 0, Time elapsed: 4.037 s - in com.OOP.springboot.mongodb.SpringBootApplicationTests
Tests run: 1, Failures: 0, Errors: 1, Skipped: 0, Time elapsed: 1.927 s <<< FAILURE! - in com.OOP.springboot.mongodb.SpringBootApplicationTests
contextLoads  Time elapsed: 0.003 s  <<< ERROR!
java.lang.IllegalStateException: Failed to load ApplicationContext
Caused by: org.springframework.beans.factory.UnsatisfiedDependencyException: Error creating bean with name 'crawlerController': Unsatisfied dependency expressed through field 'crawlerService'; nested exception is org.springframework.beans.factory.BeanCreationException: Error creating bean with name 'crawlerService' defined in file [D:\D-Desktop\java-project\OOP_Aramco\SpringBootMongoDB\target\classes\com\OOP\springboot\mongodb\service\CrawlerService.class]: Initialization of bean failed; nested exception is java.lang.IllegalStateException: Encountered invalid @Scheduled method 'scrapeThailand': Only no-arg methods may be annotated with @Scheduled
Caused by: org.springframework.beans.factory.BeanCreationException: Error creating bean with name 'crawlerService' defined in file [D:\D-Desktop\java-project\OOP_Aramco\SpringBootMongoDB\target\classes\com\OOP\springboot\mongodb\service\CrawlerService.class]: Initialization of bean failed; nested exception is java.lang.IllegalStateException: Encountered invalid @Scheduled method 'scrapeThailand': Only no-arg methods may be annotated with @Scheduled
Caused by: java.lang.IllegalStateException: Encountered invalid @Scheduled method 'scrapeThailand': Only no-arg methods may be annotated with @Scheduled

